2023-02-18 00:05:51,863:INFO:PyCaret Supervised Module
2023-02-18 00:05:51,863:INFO:ML Usecase: classification
2023-02-18 00:05:51,863:INFO:version 2.2.3
2023-02-18 00:05:51,863:INFO:Initializing setup()
2023-02-18 00:05:51,864:INFO:setup(target=Class, ml_usecase=classification, available_plots={'parameter': 'Hyperparameters', 'auc': 'AUC', 'confusion_matrix': 'Confusion Matrix', 'threshold': 'Threshold', 'pr': 'Precision Recall', 'error': 'Prediction Error', 'class_report': 'Class Report', 'rfe': 'Feature Selection', 'learning': 'Learning Curve', 'manifold': 'Manifold Learning', 'calibration': 'Calibration Curve', 'vc': 'Validation Curve', 'dimension': 'Dimensions', 'feature': 'Feature Importance', 'feature_all': 'Feature Importance (All)', 'boundary': 'Decision Boundary', 'lift': 'Lift Chart', 'gain': 'Gain Chart', 'tree': 'Decision Tree'}, train_size=0.7, test_data=None, preprocess=True, imputation_type=simple, iterative_imputation_iters=5, categorical_features=None, categorical_imputation=constant, categorical_iterative_imputer=lightgbm, ordinal_features=None, high_cardinality_features=None, high_cardinality_method=frequency, numeric_features=None, numeric_imputation=mean, numeric_iterative_imputer=lightgbm, date_features=None, ignore_features=None, normalize=False, normalize_method=zscore, transformation=False, transformation_method=yeo-johnson, handle_unknown_categorical=True, unknown_categorical_method=least_frequent, pca=False, pca_method=linear, pca_components=None, ignore_low_variance=False, combine_rare_levels=False, rare_level_threshold=0.1, bin_numeric_features=None, remove_outliers=False, outliers_threshold=0.05, remove_multicollinearity=False, multicollinearity_threshold=0.9, remove_perfect_collinearity=True, create_clusters=False, cluster_iter=20, polynomial_features=False, polynomial_degree=2, trigonometry_features=False, polynomial_threshold=0.1, group_features=None, group_names=None, feature_selection=False, feature_selection_threshold=0.8, feature_selection_method=classic, feature_interaction=False, feature_ratio=False, interaction_threshold=0.01, fix_imbalance=False, fix_imbalance_method=None, transform_target=False, transform_target_method=box-cox, data_split_shuffle=True, data_split_stratify=False, fold_strategy=stratifiedkfold, fold=10, fold_shuffle=False, fold_groups=None, n_jobs=-1, use_gpu=False, custom_pipeline=None, html=True, session_id=None, log_experiment=False, experiment_name=None, log_plots=False, log_profile=False, log_data=False, silent=False, verbose=True, profile=False, profile_kwargs=None, display=None)
2023-02-18 00:05:51,864:INFO:Checking environment
2023-02-18 00:05:51,864:INFO:python_version: 3.9.13
2023-02-18 00:05:51,864:INFO:python_build: ('main', 'Aug 25 2022 23:51:50')
2023-02-18 00:05:51,864:INFO:machine: AMD64
2023-02-18 00:05:51,864:INFO:platform: Windows-10-10.0.22621-SP0
2023-02-18 00:05:51,868:INFO:Memory: svmem(total=16893812736, available=7236182016, percent=57.2, used=9657630720, free=7236182016)
2023-02-18 00:05:51,868:INFO:Physical Core: 6
2023-02-18 00:05:51,868:INFO:Logical Core: 12
2023-02-18 00:05:51,868:INFO:Checking libraries
2023-02-18 00:05:51,868:INFO:pd==1.4.4
2023-02-18 00:05:51,868:INFO:numpy==1.21.5
2023-02-18 00:05:51,868:INFO:sklearn==1.0.2
2023-02-18 00:05:51,914:INFO:xgboost==1.5.0
2023-02-18 00:05:51,914:INFO:lightgbm==3.3.2
2023-02-18 00:05:51,945:INFO:catboost==1.0.4
2023-02-18 00:05:52,552:INFO:mlflow==1.30.0
2023-02-18 00:05:52,553:INFO:Checking Exceptions
2023-02-18 00:05:52,553:INFO:Declaring global variables
2023-02-18 00:05:52,553:INFO:USI: de6d
2023-02-18 00:05:52,553:INFO:pycaret_globals: {'_available_plots', 'target_param', 'seed', 'logging_param', 'transform_target_method_param', '_all_models_internal', 'prep_pipe', 'gpu_param', 'pycaret_globals', 'fold_generator', 'imputation_regressor', 'fold_shuffle_param', 'fold_groups_param', 'X_train', 'X', 'data_before_preprocess', 'iterative_imputation_iters_param', 'stratify_param', 'transform_target_param', 'create_model_container', 'display_container', 'fix_imbalance_method_param', 'imputation_classifier', 'X_test', '_internal_pipeline', 'y', 'n_jobs_param', 'html_param', 'USI', 'master_model_container', '_gpu_n_jobs_param', 'exp_name_log', 'fix_imbalance_param', '_all_models', 'fold_param', 'y_test', '_ml_usecase', '_all_metrics', 'y_train', 'experiment__', 'log_plots_param'}
2023-02-18 00:05:52,553:INFO:Preparing display monitor
2023-02-18 00:05:52,553:INFO:Preparing display monitor
2023-02-18 00:05:52,565:INFO:Importing libraries
2023-02-18 00:05:52,565:INFO:Copying data for preprocessing
2023-02-18 00:05:52,576:INFO:Declaring preprocessing parameters
2023-02-18 00:05:52,578:INFO:Creating preprocessing pipeline
2023-02-18 00:05:52,592:INFO:Preprocessing pipeline created successfully
2023-02-18 00:05:52,592:ERROR:(Process Exit): setup has been interupted with user command 'quit'. setup must rerun.
2023-02-18 00:05:52,592:INFO:Creating global containers
2023-02-18 00:09:29,315:INFO:PyCaret Supervised Module
2023-02-18 00:09:29,315:INFO:ML Usecase: classification
2023-02-18 00:09:29,315:INFO:version 2.2.3
2023-02-18 00:09:29,315:INFO:Initializing setup()
2023-02-18 00:09:29,315:INFO:setup(target=Class, ml_usecase=classification, available_plots={'parameter': 'Hyperparameters', 'auc': 'AUC', 'confusion_matrix': 'Confusion Matrix', 'threshold': 'Threshold', 'pr': 'Precision Recall', 'error': 'Prediction Error', 'class_report': 'Class Report', 'rfe': 'Feature Selection', 'learning': 'Learning Curve', 'manifold': 'Manifold Learning', 'calibration': 'Calibration Curve', 'vc': 'Validation Curve', 'dimension': 'Dimensions', 'feature': 'Feature Importance', 'feature_all': 'Feature Importance (All)', 'boundary': 'Decision Boundary', 'lift': 'Lift Chart', 'gain': 'Gain Chart', 'tree': 'Decision Tree'}, train_size=0.7, test_data=None, preprocess=True, imputation_type=simple, iterative_imputation_iters=5, categorical_features=None, categorical_imputation=constant, categorical_iterative_imputer=lightgbm, ordinal_features=None, high_cardinality_features=None, high_cardinality_method=frequency, numeric_features=None, numeric_imputation=mean, numeric_iterative_imputer=lightgbm, date_features=None, ignore_features=None, normalize=False, normalize_method=zscore, transformation=False, transformation_method=yeo-johnson, handle_unknown_categorical=True, unknown_categorical_method=least_frequent, pca=False, pca_method=linear, pca_components=None, ignore_low_variance=False, combine_rare_levels=False, rare_level_threshold=0.1, bin_numeric_features=None, remove_outliers=False, outliers_threshold=0.05, remove_multicollinearity=False, multicollinearity_threshold=0.9, remove_perfect_collinearity=True, create_clusters=False, cluster_iter=20, polynomial_features=False, polynomial_degree=2, trigonometry_features=False, polynomial_threshold=0.1, group_features=None, group_names=None, feature_selection=False, feature_selection_threshold=0.8, feature_selection_method=classic, feature_interaction=False, feature_ratio=False, interaction_threshold=0.01, fix_imbalance=False, fix_imbalance_method=None, transform_target=False, transform_target_method=box-cox, data_split_shuffle=True, data_split_stratify=False, fold_strategy=stratifiedkfold, fold=10, fold_shuffle=False, fold_groups=None, n_jobs=-1, use_gpu=False, custom_pipeline=None, html=True, session_id=None, log_experiment=False, experiment_name=None, log_plots=False, log_profile=False, log_data=False, silent=False, verbose=True, profile=False, profile_kwargs=None, display=None)
2023-02-18 00:09:29,316:INFO:Checking environment
2023-02-18 00:09:29,316:INFO:python_version: 3.9.13
2023-02-18 00:09:29,316:INFO:python_build: ('main', 'Aug 25 2022 23:51:50')
2023-02-18 00:09:29,316:INFO:machine: AMD64
2023-02-18 00:09:29,316:INFO:platform: Windows-10-10.0.22621-SP0
2023-02-18 00:09:29,321:INFO:Memory: svmem(total=16893812736, available=7510634496, percent=55.5, used=9383178240, free=7510634496)
2023-02-18 00:09:29,322:INFO:Physical Core: 6
2023-02-18 00:09:29,322:INFO:Logical Core: 12
2023-02-18 00:09:29,322:INFO:Checking libraries
2023-02-18 00:09:29,322:INFO:pd==1.4.4
2023-02-18 00:09:29,322:INFO:numpy==1.21.5
2023-02-18 00:09:29,322:INFO:sklearn==1.0.2
2023-02-18 00:09:29,322:INFO:xgboost==1.5.0
2023-02-18 00:09:29,322:INFO:lightgbm==3.3.2
2023-02-18 00:09:29,322:INFO:catboost==1.0.4
2023-02-18 00:09:29,322:INFO:mlflow==1.30.0
2023-02-18 00:09:29,323:INFO:Checking Exceptions
2023-02-18 00:09:29,323:INFO:Declaring global variables
2023-02-18 00:09:29,323:INFO:USI: cd41
2023-02-18 00:09:29,323:INFO:pycaret_globals: {'_available_plots', 'target_param', 'seed', 'logging_param', 'transform_target_method_param', '_all_models_internal', 'prep_pipe', 'gpu_param', 'pycaret_globals', 'fold_generator', 'imputation_regressor', 'fold_shuffle_param', 'fold_groups_param', 'X_train', 'X', 'data_before_preprocess', 'iterative_imputation_iters_param', 'stratify_param', 'transform_target_param', 'create_model_container', 'display_container', 'fix_imbalance_method_param', 'imputation_classifier', 'X_test', '_internal_pipeline', 'y', 'n_jobs_param', 'html_param', 'USI', 'master_model_container', '_gpu_n_jobs_param', 'exp_name_log', 'fix_imbalance_param', '_all_models', 'fold_param', 'y_test', '_ml_usecase', '_all_metrics', 'y_train', 'experiment__', 'log_plots_param'}
2023-02-18 00:09:29,323:INFO:Preparing display monitor
2023-02-18 00:09:29,323:INFO:Preparing display monitor
2023-02-18 00:09:29,332:INFO:Importing libraries
2023-02-18 00:09:29,332:INFO:Copying data for preprocessing
2023-02-18 00:09:29,341:INFO:Declaring preprocessing parameters
2023-02-18 00:09:29,343:INFO:Creating preprocessing pipeline
2023-02-18 00:09:29,354:INFO:Preprocessing pipeline created successfully
2023-02-18 00:09:29,354:ERROR:(Process Exit): setup has been interupted with user command 'quit'. setup must rerun.
2023-02-18 00:09:29,354:INFO:Creating global containers
2023-02-18 00:12:59,747:INFO:PyCaret Supervised Module
2023-02-18 00:12:59,747:INFO:ML Usecase: classification
2023-02-18 00:12:59,747:INFO:version 2.2.3
2023-02-18 00:12:59,747:INFO:Initializing setup()
2023-02-18 00:12:59,747:INFO:setup(target=Class, ml_usecase=classification, available_plots={'parameter': 'Hyperparameters', 'auc': 'AUC', 'confusion_matrix': 'Confusion Matrix', 'threshold': 'Threshold', 'pr': 'Precision Recall', 'error': 'Prediction Error', 'class_report': 'Class Report', 'rfe': 'Feature Selection', 'learning': 'Learning Curve', 'manifold': 'Manifold Learning', 'calibration': 'Calibration Curve', 'vc': 'Validation Curve', 'dimension': 'Dimensions', 'feature': 'Feature Importance', 'feature_all': 'Feature Importance (All)', 'boundary': 'Decision Boundary', 'lift': 'Lift Chart', 'gain': 'Gain Chart', 'tree': 'Decision Tree'}, train_size=0.7, test_data=None, preprocess=True, imputation_type=simple, iterative_imputation_iters=5, categorical_features=None, categorical_imputation=constant, categorical_iterative_imputer=lightgbm, ordinal_features=None, high_cardinality_features=None, high_cardinality_method=frequency, numeric_features=None, numeric_imputation=mean, numeric_iterative_imputer=lightgbm, date_features=None, ignore_features=None, normalize=False, normalize_method=zscore, transformation=False, transformation_method=yeo-johnson, handle_unknown_categorical=True, unknown_categorical_method=least_frequent, pca=False, pca_method=linear, pca_components=None, ignore_low_variance=False, combine_rare_levels=False, rare_level_threshold=0.1, bin_numeric_features=None, remove_outliers=False, outliers_threshold=0.05, remove_multicollinearity=False, multicollinearity_threshold=0.9, remove_perfect_collinearity=True, create_clusters=False, cluster_iter=20, polynomial_features=False, polynomial_degree=2, trigonometry_features=False, polynomial_threshold=0.1, group_features=None, group_names=None, feature_selection=False, feature_selection_threshold=0.8, feature_selection_method=classic, feature_interaction=False, feature_ratio=False, interaction_threshold=0.01, fix_imbalance=False, fix_imbalance_method=None, transform_target=False, transform_target_method=box-cox, data_split_shuffle=True, data_split_stratify=False, fold_strategy=stratifiedkfold, fold=10, fold_shuffle=False, fold_groups=None, n_jobs=-1, use_gpu=False, custom_pipeline=None, html=True, session_id=None, log_experiment=False, experiment_name=None, log_plots=False, log_profile=False, log_data=False, silent=True, verbose=True, profile=False, profile_kwargs=None, display=None)
2023-02-18 00:12:59,747:INFO:Checking environment
2023-02-18 00:12:59,747:INFO:python_version: 3.9.13
2023-02-18 00:12:59,748:INFO:python_build: ('main', 'Aug 25 2022 23:51:50')
2023-02-18 00:12:59,748:INFO:machine: AMD64
2023-02-18 00:12:59,748:INFO:platform: Windows-10-10.0.22621-SP0
2023-02-18 00:12:59,752:INFO:Memory: svmem(total=16893812736, available=7186579456, percent=57.5, used=9707233280, free=7186579456)
2023-02-18 00:12:59,753:INFO:Physical Core: 6
2023-02-18 00:12:59,753:INFO:Logical Core: 12
2023-02-18 00:12:59,753:INFO:Checking libraries
2023-02-18 00:12:59,753:INFO:pd==1.4.4
2023-02-18 00:12:59,753:INFO:numpy==1.21.5
2023-02-18 00:12:59,753:INFO:sklearn==1.0.2
2023-02-18 00:12:59,753:INFO:xgboost==1.5.0
2023-02-18 00:12:59,753:INFO:lightgbm==3.3.2
2023-02-18 00:12:59,753:INFO:catboost==1.0.4
2023-02-18 00:12:59,753:INFO:mlflow==1.30.0
2023-02-18 00:12:59,753:INFO:Checking Exceptions
2023-02-18 00:12:59,753:INFO:Declaring global variables
2023-02-18 00:12:59,753:INFO:USI: e9ed
2023-02-18 00:12:59,753:INFO:pycaret_globals: {'_available_plots', 'target_param', 'seed', 'logging_param', 'transform_target_method_param', '_all_models_internal', 'prep_pipe', 'gpu_param', 'pycaret_globals', 'fold_generator', 'imputation_regressor', 'fold_shuffle_param', 'fold_groups_param', 'X_train', 'X', 'data_before_preprocess', 'iterative_imputation_iters_param', 'stratify_param', 'transform_target_param', 'create_model_container', 'display_container', 'fix_imbalance_method_param', 'imputation_classifier', 'X_test', '_internal_pipeline', 'y', 'n_jobs_param', 'html_param', 'USI', 'master_model_container', '_gpu_n_jobs_param', 'exp_name_log', 'fix_imbalance_param', '_all_models', 'fold_param', 'y_test', '_ml_usecase', '_all_metrics', 'y_train', 'experiment__', 'log_plots_param'}
2023-02-18 00:12:59,753:INFO:Preparing display monitor
2023-02-18 00:12:59,754:INFO:Preparing display monitor
2023-02-18 00:12:59,762:INFO:Importing libraries
2023-02-18 00:12:59,762:INFO:Copying data for preprocessing
2023-02-18 00:12:59,770:INFO:Declaring preprocessing parameters
2023-02-18 00:12:59,772:INFO:Creating preprocessing pipeline
2023-02-18 00:12:59,783:INFO:Preprocessing pipeline created successfully
2023-02-18 00:12:59,783:ERROR:(Process Exit): setup has been interupted with user command 'quit'. setup must rerun.
2023-02-18 00:12:59,783:INFO:Creating global containers
2023-02-18 00:13:31,978:INFO:PyCaret Supervised Module
2023-02-18 00:13:31,978:INFO:ML Usecase: classification
2023-02-18 00:13:31,978:INFO:version 2.2.3
2023-02-18 00:13:31,978:INFO:Initializing setup()
2023-02-18 00:13:31,978:INFO:setup(target=Class, ml_usecase=classification, available_plots={'parameter': 'Hyperparameters', 'auc': 'AUC', 'confusion_matrix': 'Confusion Matrix', 'threshold': 'Threshold', 'pr': 'Precision Recall', 'error': 'Prediction Error', 'class_report': 'Class Report', 'rfe': 'Feature Selection', 'learning': 'Learning Curve', 'manifold': 'Manifold Learning', 'calibration': 'Calibration Curve', 'vc': 'Validation Curve', 'dimension': 'Dimensions', 'feature': 'Feature Importance', 'feature_all': 'Feature Importance (All)', 'boundary': 'Decision Boundary', 'lift': 'Lift Chart', 'gain': 'Gain Chart', 'tree': 'Decision Tree'}, train_size=0.7, test_data=None, preprocess=True, imputation_type=simple, iterative_imputation_iters=5, categorical_features=None, categorical_imputation=constant, categorical_iterative_imputer=lightgbm, ordinal_features=None, high_cardinality_features=None, high_cardinality_method=frequency, numeric_features=None, numeric_imputation=mean, numeric_iterative_imputer=lightgbm, date_features=None, ignore_features=None, normalize=False, normalize_method=zscore, transformation=False, transformation_method=yeo-johnson, handle_unknown_categorical=True, unknown_categorical_method=least_frequent, pca=False, pca_method=linear, pca_components=None, ignore_low_variance=False, combine_rare_levels=False, rare_level_threshold=0.1, bin_numeric_features=None, remove_outliers=False, outliers_threshold=0.05, remove_multicollinearity=False, multicollinearity_threshold=0.9, remove_perfect_collinearity=True, create_clusters=False, cluster_iter=20, polynomial_features=False, polynomial_degree=2, trigonometry_features=False, polynomial_threshold=0.1, group_features=None, group_names=None, feature_selection=False, feature_selection_threshold=0.8, feature_selection_method=classic, feature_interaction=False, feature_ratio=False, interaction_threshold=0.01, fix_imbalance=False, fix_imbalance_method=None, transform_target=False, transform_target_method=box-cox, data_split_shuffle=False, data_split_stratify=False, fold_strategy=stratifiedkfold, fold=10, fold_shuffle=False, fold_groups=None, n_jobs=-1, use_gpu=False, custom_pipeline=None, html=True, session_id=None, log_experiment=False, experiment_name=None, log_plots=False, log_profile=False, log_data=False, silent=True, verbose=True, profile=False, profile_kwargs=None, display=None)
2023-02-18 00:13:31,978:INFO:Checking environment
2023-02-18 00:13:31,978:INFO:python_version: 3.9.13
2023-02-18 00:13:31,978:INFO:python_build: ('main', 'Aug 25 2022 23:51:50')
2023-02-18 00:13:31,979:INFO:machine: AMD64
2023-02-18 00:13:31,979:INFO:platform: Windows-10-10.0.22621-SP0
2023-02-18 00:13:31,984:INFO:Memory: svmem(total=16893812736, available=7174787072, percent=57.5, used=9719025664, free=7174787072)
2023-02-18 00:13:31,984:INFO:Physical Core: 6
2023-02-18 00:13:31,984:INFO:Logical Core: 12
2023-02-18 00:13:31,984:INFO:Checking libraries
2023-02-18 00:13:31,984:INFO:pd==1.4.4
2023-02-18 00:13:31,985:INFO:numpy==1.21.5
2023-02-18 00:13:31,985:INFO:sklearn==1.0.2
2023-02-18 00:13:31,985:INFO:xgboost==1.5.0
2023-02-18 00:13:31,985:INFO:lightgbm==3.3.2
2023-02-18 00:13:31,985:INFO:catboost==1.0.4
2023-02-18 00:13:31,985:INFO:mlflow==1.30.0
2023-02-18 00:13:31,985:INFO:Checking Exceptions
2023-02-18 00:13:31,985:INFO:Declaring global variables
2023-02-18 00:13:31,985:INFO:USI: ac1e
2023-02-18 00:13:31,985:INFO:pycaret_globals: {'_available_plots', 'target_param', 'seed', 'logging_param', 'transform_target_method_param', '_all_models_internal', 'prep_pipe', 'gpu_param', 'pycaret_globals', 'fold_generator', 'imputation_regressor', 'fold_shuffle_param', 'fold_groups_param', 'X_train', 'X', 'data_before_preprocess', 'iterative_imputation_iters_param', 'stratify_param', 'transform_target_param', 'create_model_container', 'display_container', 'fix_imbalance_method_param', 'imputation_classifier', 'X_test', '_internal_pipeline', 'y', 'n_jobs_param', 'html_param', 'USI', 'master_model_container', '_gpu_n_jobs_param', 'exp_name_log', 'fix_imbalance_param', '_all_models', 'fold_param', 'y_test', '_ml_usecase', '_all_metrics', 'y_train', 'experiment__', 'log_plots_param'}
2023-02-18 00:13:31,985:INFO:Preparing display monitor
2023-02-18 00:13:31,986:INFO:Preparing display monitor
2023-02-18 00:13:31,994:INFO:Importing libraries
2023-02-18 00:13:31,994:INFO:Copying data for preprocessing
2023-02-18 00:13:32,003:INFO:Declaring preprocessing parameters
2023-02-18 00:13:32,004:INFO:Creating preprocessing pipeline
2023-02-18 00:13:32,015:INFO:Preprocessing pipeline created successfully
2023-02-18 00:13:32,015:ERROR:(Process Exit): setup has been interupted with user command 'quit'. setup must rerun.
2023-02-18 00:13:32,015:INFO:Creating global containers
2023-02-18 00:14:45,502:INFO:PyCaret Supervised Module
2023-02-18 00:14:45,502:INFO:ML Usecase: classification
2023-02-18 00:14:45,502:INFO:version 2.2.3
2023-02-18 00:14:45,503:INFO:Initializing setup()
2023-02-18 00:14:45,503:INFO:setup(target=Class, ml_usecase=classification, available_plots={'parameter': 'Hyperparameters', 'auc': 'AUC', 'confusion_matrix': 'Confusion Matrix', 'threshold': 'Threshold', 'pr': 'Precision Recall', 'error': 'Prediction Error', 'class_report': 'Class Report', 'rfe': 'Feature Selection', 'learning': 'Learning Curve', 'manifold': 'Manifold Learning', 'calibration': 'Calibration Curve', 'vc': 'Validation Curve', 'dimension': 'Dimensions', 'feature': 'Feature Importance', 'feature_all': 'Feature Importance (All)', 'boundary': 'Decision Boundary', 'lift': 'Lift Chart', 'gain': 'Gain Chart', 'tree': 'Decision Tree'}, train_size=0.7, test_data=None, preprocess=True, imputation_type=simple, iterative_imputation_iters=5, categorical_features=None, categorical_imputation=constant, categorical_iterative_imputer=lightgbm, ordinal_features=None, high_cardinality_features=None, high_cardinality_method=frequency, numeric_features=None, numeric_imputation=mean, numeric_iterative_imputer=lightgbm, date_features=None, ignore_features=None, normalize=False, normalize_method=zscore, transformation=False, transformation_method=yeo-johnson, handle_unknown_categorical=True, unknown_categorical_method=least_frequent, pca=False, pca_method=linear, pca_components=None, ignore_low_variance=False, combine_rare_levels=False, rare_level_threshold=0.1, bin_numeric_features=None, remove_outliers=False, outliers_threshold=0.05, remove_multicollinearity=False, multicollinearity_threshold=0.9, remove_perfect_collinearity=True, create_clusters=False, cluster_iter=20, polynomial_features=False, polynomial_degree=2, trigonometry_features=False, polynomial_threshold=0.1, group_features=None, group_names=None, feature_selection=False, feature_selection_threshold=0.8, feature_selection_method=classic, feature_interaction=False, feature_ratio=False, interaction_threshold=0.01, fix_imbalance=False, fix_imbalance_method=None, transform_target=False, transform_target_method=box-cox, data_split_shuffle=False, data_split_stratify=False, fold_strategy=stratifiedkfold, fold=10, fold_shuffle=False, fold_groups=None, n_jobs=-1, use_gpu=False, custom_pipeline=None, html=True, session_id=None, log_experiment=False, experiment_name=None, log_plots=False, log_profile=False, log_data=False, silent=True, verbose=True, profile=False, profile_kwargs=None, display=None)
2023-02-18 00:14:45,503:INFO:Checking environment
2023-02-18 00:14:45,503:INFO:python_version: 3.9.13
2023-02-18 00:14:45,503:INFO:python_build: ('main', 'Aug 25 2022 23:51:50')
2023-02-18 00:14:45,503:INFO:machine: AMD64
2023-02-18 00:14:45,503:INFO:platform: Windows-10-10.0.22621-SP0
2023-02-18 00:14:45,507:INFO:Memory: svmem(total=16893812736, available=7356010496, percent=56.5, used=9537802240, free=7356010496)
2023-02-18 00:14:45,507:INFO:Physical Core: 6
2023-02-18 00:14:45,507:INFO:Logical Core: 12
2023-02-18 00:14:45,507:INFO:Checking libraries
2023-02-18 00:14:45,507:INFO:pd==1.4.4
2023-02-18 00:14:45,507:INFO:numpy==1.21.5
2023-02-18 00:14:45,507:INFO:sklearn==1.0.2
2023-02-18 00:14:45,508:INFO:xgboost==1.5.0
2023-02-18 00:14:45,508:INFO:lightgbm==3.3.2
2023-02-18 00:14:45,508:INFO:catboost==1.0.4
2023-02-18 00:14:45,508:INFO:mlflow==1.30.0
2023-02-18 00:14:45,508:INFO:Checking Exceptions
2023-02-18 00:14:45,508:INFO:Declaring global variables
2023-02-18 00:14:45,508:INFO:USI: 2f07
2023-02-18 00:14:45,508:INFO:pycaret_globals: {'_available_plots', 'target_param', 'seed', 'logging_param', 'transform_target_method_param', '_all_models_internal', 'prep_pipe', 'gpu_param', 'pycaret_globals', 'fold_generator', 'imputation_regressor', 'fold_shuffle_param', 'fold_groups_param', 'X_train', 'X', 'data_before_preprocess', 'iterative_imputation_iters_param', 'stratify_param', 'transform_target_param', 'create_model_container', 'display_container', 'fix_imbalance_method_param', 'imputation_classifier', 'X_test', '_internal_pipeline', 'y', 'n_jobs_param', 'html_param', 'USI', 'master_model_container', '_gpu_n_jobs_param', 'exp_name_log', 'fix_imbalance_param', '_all_models', 'fold_param', 'y_test', '_ml_usecase', '_all_metrics', 'y_train', 'experiment__', 'log_plots_param'}
2023-02-18 00:14:45,508:INFO:Preparing display monitor
2023-02-18 00:14:45,508:INFO:Preparing display monitor
2023-02-18 00:14:45,516:INFO:Importing libraries
2023-02-18 00:14:45,516:INFO:Copying data for preprocessing
2023-02-18 00:14:45,525:INFO:Declaring preprocessing parameters
2023-02-18 00:14:45,526:INFO:Creating preprocessing pipeline
2023-02-18 00:14:45,537:INFO:Preprocessing pipeline created successfully
2023-02-18 00:14:45,537:ERROR:(Process Exit): setup has been interupted with user command 'quit'. setup must rerun.
2023-02-18 00:14:45,537:INFO:Creating global containers
2023-02-18 00:16:09,270:INFO:PyCaret Supervised Module
2023-02-18 00:16:09,270:INFO:ML Usecase: classification
2023-02-18 00:16:09,270:INFO:version 2.2.3
2023-02-18 00:16:09,270:INFO:Initializing setup()
2023-02-18 00:16:09,270:INFO:setup(target=Class, ml_usecase=classification, available_plots={'parameter': 'Hyperparameters', 'auc': 'AUC', 'confusion_matrix': 'Confusion Matrix', 'threshold': 'Threshold', 'pr': 'Precision Recall', 'error': 'Prediction Error', 'class_report': 'Class Report', 'rfe': 'Feature Selection', 'learning': 'Learning Curve', 'manifold': 'Manifold Learning', 'calibration': 'Calibration Curve', 'vc': 'Validation Curve', 'dimension': 'Dimensions', 'feature': 'Feature Importance', 'feature_all': 'Feature Importance (All)', 'boundary': 'Decision Boundary', 'lift': 'Lift Chart', 'gain': 'Gain Chart', 'tree': 'Decision Tree'}, train_size=0.7, test_data=None, preprocess=True, imputation_type=simple, iterative_imputation_iters=5, categorical_features=None, categorical_imputation=constant, categorical_iterative_imputer=lightgbm, ordinal_features=None, high_cardinality_features=None, high_cardinality_method=frequency, numeric_features=None, numeric_imputation=mean, numeric_iterative_imputer=lightgbm, date_features=None, ignore_features=None, normalize=False, normalize_method=zscore, transformation=False, transformation_method=yeo-johnson, handle_unknown_categorical=True, unknown_categorical_method=least_frequent, pca=False, pca_method=linear, pca_components=None, ignore_low_variance=False, combine_rare_levels=False, rare_level_threshold=0.1, bin_numeric_features=None, remove_outliers=False, outliers_threshold=0.05, remove_multicollinearity=False, multicollinearity_threshold=0.9, remove_perfect_collinearity=True, create_clusters=False, cluster_iter=20, polynomial_features=False, polynomial_degree=2, trigonometry_features=False, polynomial_threshold=0.1, group_features=None, group_names=None, feature_selection=False, feature_selection_threshold=0.8, feature_selection_method=classic, feature_interaction=False, feature_ratio=False, interaction_threshold=0.01, fix_imbalance=False, fix_imbalance_method=None, transform_target=False, transform_target_method=box-cox, data_split_shuffle=True, data_split_stratify=False, fold_strategy=stratifiedkfold, fold=5, fold_shuffle=False, fold_groups=None, n_jobs=-1, use_gpu=False, custom_pipeline=None, html=True, session_id=None, log_experiment=False, experiment_name=None, log_plots=False, log_profile=False, log_data=False, silent=False, verbose=True, profile=False, profile_kwargs=None, display=None)
2023-02-18 00:16:09,270:INFO:Checking environment
2023-02-18 00:16:09,270:INFO:python_version: 3.9.13
2023-02-18 00:16:09,270:INFO:python_build: ('main', 'Aug 25 2022 23:51:50')
2023-02-18 00:16:09,270:INFO:machine: AMD64
2023-02-18 00:16:09,270:INFO:platform: Windows-10-10.0.22621-SP0
2023-02-18 00:16:09,276:INFO:Memory: svmem(total=16893812736, available=7452966912, percent=55.9, used=9440845824, free=7452966912)
2023-02-18 00:16:09,276:INFO:Physical Core: 6
2023-02-18 00:16:09,276:INFO:Logical Core: 12
2023-02-18 00:16:09,276:INFO:Checking libraries
2023-02-18 00:16:09,276:INFO:pd==1.4.4
2023-02-18 00:16:09,276:INFO:numpy==1.21.5
2023-02-18 00:16:09,277:INFO:sklearn==1.0.2
2023-02-18 00:16:09,277:INFO:xgboost==1.5.0
2023-02-18 00:16:09,277:INFO:lightgbm==3.3.2
2023-02-18 00:16:09,277:INFO:catboost==1.0.4
2023-02-18 00:16:09,277:INFO:mlflow==1.30.0
2023-02-18 00:16:09,277:INFO:Checking Exceptions
2023-02-18 00:16:09,277:INFO:Declaring global variables
2023-02-18 00:16:09,277:INFO:USI: 6a72
2023-02-18 00:16:09,277:INFO:pycaret_globals: {'_available_plots', 'target_param', 'seed', 'logging_param', 'transform_target_method_param', '_all_models_internal', 'prep_pipe', 'gpu_param', 'pycaret_globals', 'fold_generator', 'imputation_regressor', 'fold_shuffle_param', 'fold_groups_param', 'X_train', 'X', 'data_before_preprocess', 'iterative_imputation_iters_param', 'stratify_param', 'transform_target_param', 'create_model_container', 'display_container', 'fix_imbalance_method_param', 'imputation_classifier', 'X_test', '_internal_pipeline', 'y', 'n_jobs_param', 'html_param', 'USI', 'master_model_container', '_gpu_n_jobs_param', 'exp_name_log', 'fix_imbalance_param', '_all_models', 'fold_param', 'y_test', '_ml_usecase', '_all_metrics', 'y_train', 'experiment__', 'log_plots_param'}
2023-02-18 00:16:09,277:INFO:Preparing display monitor
2023-02-18 00:16:09,277:INFO:Preparing display monitor
2023-02-18 00:16:09,288:INFO:Importing libraries
2023-02-18 00:16:09,288:INFO:Copying data for preprocessing
2023-02-18 00:16:09,296:INFO:Declaring preprocessing parameters
2023-02-18 00:16:09,297:INFO:Creating preprocessing pipeline
2023-02-18 00:16:09,309:INFO:Preprocessing pipeline created successfully
2023-02-18 00:16:09,309:ERROR:(Process Exit): setup has been interupted with user command 'quit'. setup must rerun.
2023-02-18 00:16:09,309:INFO:Creating global containers
2023-02-18 00:16:21,426:INFO:PyCaret Supervised Module
2023-02-18 00:16:21,426:INFO:ML Usecase: classification
2023-02-18 00:16:21,426:INFO:version 2.2.3
2023-02-18 00:16:21,426:INFO:Initializing setup()
2023-02-18 00:16:21,426:INFO:setup(target=Class, ml_usecase=classification, available_plots={'parameter': 'Hyperparameters', 'auc': 'AUC', 'confusion_matrix': 'Confusion Matrix', 'threshold': 'Threshold', 'pr': 'Precision Recall', 'error': 'Prediction Error', 'class_report': 'Class Report', 'rfe': 'Feature Selection', 'learning': 'Learning Curve', 'manifold': 'Manifold Learning', 'calibration': 'Calibration Curve', 'vc': 'Validation Curve', 'dimension': 'Dimensions', 'feature': 'Feature Importance', 'feature_all': 'Feature Importance (All)', 'boundary': 'Decision Boundary', 'lift': 'Lift Chart', 'gain': 'Gain Chart', 'tree': 'Decision Tree'}, train_size=0.7, test_data=None, preprocess=True, imputation_type=simple, iterative_imputation_iters=5, categorical_features=None, categorical_imputation=constant, categorical_iterative_imputer=lightgbm, ordinal_features=None, high_cardinality_features=None, high_cardinality_method=frequency, numeric_features=None, numeric_imputation=mean, numeric_iterative_imputer=lightgbm, date_features=None, ignore_features=None, normalize=False, normalize_method=zscore, transformation=False, transformation_method=yeo-johnson, handle_unknown_categorical=True, unknown_categorical_method=least_frequent, pca=False, pca_method=linear, pca_components=None, ignore_low_variance=False, combine_rare_levels=False, rare_level_threshold=0.1, bin_numeric_features=None, remove_outliers=False, outliers_threshold=0.05, remove_multicollinearity=False, multicollinearity_threshold=0.9, remove_perfect_collinearity=True, create_clusters=False, cluster_iter=20, polynomial_features=False, polynomial_degree=2, trigonometry_features=False, polynomial_threshold=0.1, group_features=None, group_names=None, feature_selection=False, feature_selection_threshold=0.8, feature_selection_method=classic, feature_interaction=False, feature_ratio=False, interaction_threshold=0.01, fix_imbalance=False, fix_imbalance_method=None, transform_target=False, transform_target_method=box-cox, data_split_shuffle=True, data_split_stratify=False, fold_strategy=stratifiedkfold, fold=10, fold_shuffle=False, fold_groups=None, n_jobs=-1, use_gpu=False, custom_pipeline=None, html=True, session_id=None, log_experiment=False, experiment_name=None, log_plots=False, log_profile=False, log_data=False, silent=False, verbose=True, profile=False, profile_kwargs=None, display=None)
2023-02-18 00:16:21,426:INFO:Checking environment
2023-02-18 00:16:21,426:INFO:python_version: 3.9.13
2023-02-18 00:16:21,426:INFO:python_build: ('main', 'Aug 25 2022 23:51:50')
2023-02-18 00:16:21,426:INFO:machine: AMD64
2023-02-18 00:16:21,426:INFO:platform: Windows-10-10.0.22621-SP0
2023-02-18 00:16:21,431:INFO:Memory: svmem(total=16893812736, available=7466242048, percent=55.8, used=9427570688, free=7466242048)
2023-02-18 00:16:21,431:INFO:Physical Core: 6
2023-02-18 00:16:21,431:INFO:Logical Core: 12
2023-02-18 00:16:21,431:INFO:Checking libraries
2023-02-18 00:16:21,431:INFO:pd==1.4.4
2023-02-18 00:16:21,431:INFO:numpy==1.21.5
2023-02-18 00:16:21,431:INFO:sklearn==1.0.2
2023-02-18 00:16:21,431:INFO:xgboost==1.5.0
2023-02-18 00:16:21,431:INFO:lightgbm==3.3.2
2023-02-18 00:16:21,431:INFO:catboost==1.0.4
2023-02-18 00:16:21,431:INFO:mlflow==1.30.0
2023-02-18 00:16:21,431:INFO:Checking Exceptions
2023-02-18 00:16:21,432:INFO:Declaring global variables
2023-02-18 00:16:21,432:INFO:USI: d8f9
2023-02-18 00:16:21,432:INFO:pycaret_globals: {'_available_plots', 'target_param', 'seed', 'logging_param', 'transform_target_method_param', '_all_models_internal', 'prep_pipe', 'gpu_param', 'pycaret_globals', 'fold_generator', 'imputation_regressor', 'fold_shuffle_param', 'fold_groups_param', 'X_train', 'X', 'data_before_preprocess', 'iterative_imputation_iters_param', 'stratify_param', 'transform_target_param', 'create_model_container', 'display_container', 'fix_imbalance_method_param', 'imputation_classifier', 'X_test', '_internal_pipeline', 'y', 'n_jobs_param', 'html_param', 'USI', 'master_model_container', '_gpu_n_jobs_param', 'exp_name_log', 'fix_imbalance_param', '_all_models', 'fold_param', 'y_test', '_ml_usecase', '_all_metrics', 'y_train', 'experiment__', 'log_plots_param'}
2023-02-18 00:16:21,432:INFO:Preparing display monitor
2023-02-18 00:16:21,432:INFO:Preparing display monitor
2023-02-18 00:16:21,441:INFO:Importing libraries
2023-02-18 00:16:21,442:INFO:Copying data for preprocessing
2023-02-18 00:16:21,449:INFO:Declaring preprocessing parameters
2023-02-18 00:16:21,450:INFO:Creating preprocessing pipeline
2023-02-18 00:16:21,462:INFO:Preprocessing pipeline created successfully
2023-02-18 00:16:21,462:ERROR:(Process Exit): setup has been interupted with user command 'quit'. setup must rerun.
2023-02-18 00:16:21,462:INFO:Creating global containers
2023-02-18 00:17:40,663:INFO:PyCaret Supervised Module
2023-02-18 00:17:40,663:INFO:ML Usecase: classification
2023-02-18 00:17:40,663:INFO:version 2.2.3
2023-02-18 00:17:40,663:INFO:Initializing setup()
2023-02-18 00:17:40,663:INFO:setup(target=Class, ml_usecase=classification, available_plots={'parameter': 'Hyperparameters', 'auc': 'AUC', 'confusion_matrix': 'Confusion Matrix', 'threshold': 'Threshold', 'pr': 'Precision Recall', 'error': 'Prediction Error', 'class_report': 'Class Report', 'rfe': 'Feature Selection', 'learning': 'Learning Curve', 'manifold': 'Manifold Learning', 'calibration': 'Calibration Curve', 'vc': 'Validation Curve', 'dimension': 'Dimensions', 'feature': 'Feature Importance', 'feature_all': 'Feature Importance (All)', 'boundary': 'Decision Boundary', 'lift': 'Lift Chart', 'gain': 'Gain Chart', 'tree': 'Decision Tree'}, train_size=0.7, test_data=None, preprocess=True, imputation_type=simple, iterative_imputation_iters=5, categorical_features=None, categorical_imputation=constant, categorical_iterative_imputer=lightgbm, ordinal_features=None, high_cardinality_features=None, high_cardinality_method=frequency, numeric_features=None, numeric_imputation=mean, numeric_iterative_imputer=lightgbm, date_features=None, ignore_features=None, normalize=False, normalize_method=zscore, transformation=False, transformation_method=yeo-johnson, handle_unknown_categorical=True, unknown_categorical_method=least_frequent, pca=False, pca_method=linear, pca_components=None, ignore_low_variance=False, combine_rare_levels=False, rare_level_threshold=0.1, bin_numeric_features=None, remove_outliers=False, outliers_threshold=0.05, remove_multicollinearity=False, multicollinearity_threshold=0.9, remove_perfect_collinearity=True, create_clusters=False, cluster_iter=20, polynomial_features=False, polynomial_degree=2, trigonometry_features=False, polynomial_threshold=0.1, group_features=None, group_names=None, feature_selection=False, feature_selection_threshold=0.8, feature_selection_method=classic, feature_interaction=False, feature_ratio=False, interaction_threshold=0.01, fix_imbalance=False, fix_imbalance_method=None, transform_target=False, transform_target_method=box-cox, data_split_shuffle=True, data_split_stratify=False, fold_strategy=stratifiedkfold, fold=10, fold_shuffle=False, fold_groups=None, n_jobs=-1, use_gpu=False, custom_pipeline=None, html=True, session_id=None, log_experiment=False, experiment_name=None, log_plots=False, log_profile=False, log_data=False, silent=True, verbose=True, profile=False, profile_kwargs=None, display=None)
2023-02-18 00:17:40,663:INFO:Checking environment
2023-02-18 00:17:40,663:INFO:python_version: 3.9.13
2023-02-18 00:17:40,663:INFO:python_build: ('main', 'Aug 25 2022 23:51:50')
2023-02-18 00:17:40,663:INFO:machine: AMD64
2023-02-18 00:17:40,664:INFO:platform: Windows-10-10.0.22621-SP0
2023-02-18 00:17:40,668:INFO:Memory: svmem(total=16893812736, available=7465156608, percent=55.8, used=9428656128, free=7465156608)
2023-02-18 00:17:40,668:INFO:Physical Core: 6
2023-02-18 00:17:40,668:INFO:Logical Core: 12
2023-02-18 00:17:40,668:INFO:Checking libraries
2023-02-18 00:17:40,668:INFO:pd==1.4.4
2023-02-18 00:17:40,668:INFO:numpy==1.21.5
2023-02-18 00:17:40,668:INFO:sklearn==1.0.2
2023-02-18 00:17:40,668:INFO:xgboost==1.5.0
2023-02-18 00:17:40,668:INFO:lightgbm==3.3.2
2023-02-18 00:17:40,668:INFO:catboost==1.0.4
2023-02-18 00:17:40,668:INFO:mlflow==1.30.0
2023-02-18 00:17:40,668:INFO:Checking Exceptions
2023-02-18 00:17:40,668:INFO:Declaring global variables
2023-02-18 00:17:40,668:INFO:USI: 1d74
2023-02-18 00:17:40,668:INFO:pycaret_globals: {'_available_plots', 'target_param', 'seed', 'logging_param', 'transform_target_method_param', '_all_models_internal', 'prep_pipe', 'gpu_param', 'pycaret_globals', 'fold_generator', 'imputation_regressor', 'fold_shuffle_param', 'fold_groups_param', 'X_train', 'X', 'data_before_preprocess', 'iterative_imputation_iters_param', 'stratify_param', 'transform_target_param', 'create_model_container', 'display_container', 'fix_imbalance_method_param', 'imputation_classifier', 'X_test', '_internal_pipeline', 'y', 'n_jobs_param', 'html_param', 'USI', 'master_model_container', '_gpu_n_jobs_param', 'exp_name_log', 'fix_imbalance_param', '_all_models', 'fold_param', 'y_test', '_ml_usecase', '_all_metrics', 'y_train', 'experiment__', 'log_plots_param'}
2023-02-18 00:17:40,668:INFO:Preparing display monitor
2023-02-18 00:17:40,668:INFO:Preparing display monitor
2023-02-18 00:17:40,676:INFO:Importing libraries
2023-02-18 00:17:40,677:INFO:Copying data for preprocessing
2023-02-18 00:17:40,684:INFO:Declaring preprocessing parameters
2023-02-18 00:17:40,686:INFO:Creating preprocessing pipeline
2023-02-18 00:17:40,698:INFO:Preprocessing pipeline created successfully
2023-02-18 00:17:40,698:ERROR:(Process Exit): setup has been interupted with user command 'quit'. setup must rerun.
2023-02-18 00:17:40,698:INFO:Creating global containers
2023-02-18 00:44:28,048:INFO:PyCaret Supervised Module
2023-02-18 00:44:28,049:INFO:ML Usecase: classification
2023-02-18 00:44:28,049:INFO:version 2.3.10
2023-02-18 00:44:28,049:INFO:Initializing setup()
2023-02-18 00:44:28,049:INFO:setup(target=Class, ml_usecase=classification, available_plots={'parameter': 'Hyperparameters', 'auc': 'AUC', 'confusion_matrix': 'Confusion Matrix', 'threshold': 'Threshold', 'pr': 'Precision Recall', 'error': 'Prediction Error', 'class_report': 'Class Report', 'rfe': 'Feature Selection', 'learning': 'Learning Curve', 'manifold': 'Manifold Learning', 'calibration': 'Calibration Curve', 'vc': 'Validation Curve', 'dimension': 'Dimensions', 'feature': 'Feature Importance', 'feature_all': 'Feature Importance (All)', 'boundary': 'Decision Boundary', 'lift': 'Lift Chart', 'gain': 'Gain Chart', 'tree': 'Decision Tree', 'ks': 'KS Statistic Plot'}, train_size=0.7, test_data=None, preprocess=True, imputation_type=simple, iterative_imputation_iters=5, categorical_features=None, categorical_imputation=constant, categorical_iterative_imputer=lightgbm, ordinal_features=None, high_cardinality_features=None, high_cardinality_method=frequency, numeric_features=None, numeric_imputation=mean, numeric_iterative_imputer=lightgbm, date_features=None, ignore_features=None, normalize=False, normalize_method=zscore, transformation=False, transformation_method=yeo-johnson, handle_unknown_categorical=True, unknown_categorical_method=least_frequent, pca=False, pca_method=linear, pca_components=None, ignore_low_variance=False, combine_rare_levels=False, rare_level_threshold=0.1, bin_numeric_features=None, remove_outliers=False, outliers_threshold=0.05, remove_multicollinearity=False, multicollinearity_threshold=0.9, remove_perfect_collinearity=True, create_clusters=False, cluster_iter=20, polynomial_features=False, polynomial_degree=2, trigonometry_features=False, polynomial_threshold=0.1, group_features=None, group_names=None, feature_selection=False, feature_selection_threshold=0.8, feature_selection_method=classic, feature_interaction=False, feature_ratio=False, interaction_threshold=0.01, fix_imbalance=False, fix_imbalance_method=None, transform_target=False, transform_target_method=box-cox, data_split_shuffle=True, data_split_stratify=False, fold_strategy=stratifiedkfold, fold=10, fold_shuffle=False, fold_groups=None, n_jobs=-1, use_gpu=False, custom_pipeline=None, html=True, session_id=None, log_experiment=False, experiment_name=None, experiment_custom_tags=None, log_plots=False, log_profile=False, log_data=False, silent=False, verbose=True, profile=False, profile_kwargs=None, display=None)
2023-02-18 00:44:28,049:INFO:Checking environment
2023-02-18 00:44:28,050:INFO:python_version: 3.9.13
2023-02-18 00:44:28,050:INFO:python_build: ('main', 'Aug 25 2022 23:51:50')
2023-02-18 00:44:28,050:INFO:machine: AMD64
2023-02-18 00:44:28,050:INFO:platform: Windows-10-10.0.22621-SP0
2023-02-18 00:44:28,054:INFO:Memory: svmem(total=16893812736, available=7212425216, percent=57.3, used=9681387520, free=7212425216)
2023-02-18 00:44:28,054:INFO:Physical Core: 6
2023-02-18 00:44:28,054:INFO:Logical Core: 12
2023-02-18 00:44:28,054:INFO:Checking libraries
2023-02-18 00:44:28,054:INFO:pd==1.4.4
2023-02-18 00:44:28,054:INFO:numpy==1.21.5
2023-02-18 00:44:28,054:INFO:sklearn==1.0.2
